Build started 03/09/2014 17:26:50.
     1>Project "C:\Users\Pequi - Very Small\Dropbox\Códigos Compartilhados\VS 2014\Estrategia\Estrategia\Estrategia.vcxproj" on node 2 (Build target(s)).
     1>ClCompile:
         C:\Program Files (x86)\Microsoft Visual Studio 11.0\VC\bin\CL.exe /c /Zi /nologo /W3 /WX- /sdl /O2 /Oi /Oy- /GL /D WIN32 /D NDEBUG /D _CONSOLE /D _CRT_SECURE_NO_WARNINGS /D _UNICODE /D UNICODE /Gm- /EHsc /MD /GS /Gy /fp:precise /Zc:wchar_t /Zc:forScope /Yc"stdafx.h" /Fp"Release\Estrategia.pch" /Fo"Release\\" /Fd"Release\vc110.pdb" /Gd /TP /analyze- /errorReport:prompt stdafx.cpp
         stdafx.cpp
         C:\Program Files (x86)\Microsoft Visual Studio 11.0\VC\bin\CL.exe /c /Zi /nologo /W3 /WX- /sdl /O2 /Oi /Oy- /GL /D WIN32 /D NDEBUG /D _CONSOLE /D _CRT_SECURE_NO_WARNINGS /D _UNICODE /D UNICODE /Gm- /EHsc /MD /GS /Gy /fp:precise /Zc:wchar_t /Zc:forScope /Yu"stdafx.h" /Fp"Release\Estrategia.pch" /Fo"Release\\" /Fd"Release\vc110.pdb" /Gd /TP /analyze- /errorReport:prompt Bell.cpp DeFuzzy.cpp Estrategia.cpp FuzzyFunction.cpp FuzzyGS.cpp FuzzyMT.cpp GSRules.cpp Gauss.cpp MTRules.cpp Objeto.cpp Point.cpp TimerCounter.cpp Trapez.cpp main.cpp
         Bell.cpp
         DeFuzzy.cpp
         Estrategia.cpp
         FuzzyFunction.cpp
         FuzzyGS.cpp
         FuzzyMT.cpp
         GSRules.cpp
         Gauss.cpp
         MTRules.cpp
         Objeto.cpp
         Point.cpp
         TimerCounter.cpp
     1>TimerCounter.cpp(11): warning C4244: '=' : conversion from 'double' to '__int64', possible loss of data
         Trapez.cpp
         main.cpp
     1>c:\users\pequi - very small\dropbox\códigos compartilhados\vs 2014\estrategia\estrategia\CampoNavegacao.cpp(84): warning C4244: 'initializing' : conversion from 'double' to 'float', possible loss of data
     1>main.cpp(66): warning C4244: 'initializing' : conversion from 'double' to 'float', possible loss of data
       Link:
         C:\Program Files (x86)\Microsoft Visual Studio 11.0\VC\bin\link.exe /ERRORREPORT:PROMPT /OUT:"C:\Users\Pequi - Very Small\Dropbox\Códigos Compartilhados\VS 2014\Estrategia\Release\Estrategia.exe" /INCREMENTAL:NO /NOLOGO kernel32.lib user32.lib gdi32.lib winspool.lib comdlg32.lib advapi32.lib shell32.lib ole32.lib oleaut32.lib uuid.lib odbc32.lib odbccp32.lib /MANIFEST /MANIFESTUAC:"level='asInvoker' uiAccess='false'" /manifest:embed /DEBUG /PDB:"C:\Users\Pequi - Very Small\Dropbox\Códigos Compartilhados\VS 2014\Estrategia\Release\Estrategia.pdb" /SUBSYSTEM:CONSOLE /OPT:REF /OPT:ICF /LTCG /TLBID:1 /DYNAMICBASE /NXCOMPAT /IMPLIB:"C:\Users\Pequi - Very Small\Dropbox\Códigos Compartilhados\VS 2014\Estrategia\Release\Estrategia.lib" /MACHINE:X86 /SAFESEH Release\Bell.obj
         Release\DeFuzzy.obj
         Release\Estrategia.obj
         Release\FuzzyFunction.obj
         Release\FuzzyGS.obj
         Release\FuzzyMT.obj
         Release\Gauss.obj
         Release\GSRules.obj
         Release\main.obj
         Release\MTRules.obj
         Release\Objeto.obj
         Release\Point.obj
         Release\stdafx.obj
         Release\TimerCounter.obj
         Release\Trapez.obj
         Generating code
         Finished generating code
         Estrategia.vcxproj -> C:\Users\Pequi - Very Small\Dropbox\Códigos Compartilhados\VS 2014\Estrategia\Release\Estrategia.exe
     1>Done Building Project "C:\Users\Pequi - Very Small\Dropbox\Códigos Compartilhados\VS 2014\Estrategia\Estrategia\Estrategia.vcxproj" (Build target(s)).

Build succeeded.

Time Elapsed 00:00:06.08
