C:\USERS\PEQUI - VERY SMALL\DROPBOX\CóDIGOS COMPARTILHADOS\VS 2014\ESTRATEGIA\ESTRATEGIA\DEBUG\ESTRATEGIA.PCH
C:\USERS\PEQUI - VERY SMALL\DROPBOX\CóDIGOS COMPARTILHADOS\VS 2014\ESTRATEGIA\ESTRATEGIA\DEBUG\STDAFX.OBJ
C:\USERS\PEQUI - VERY SMALL\DROPBOX\CÓDIGOS COMPARTILHADOS\VS 2014\ESTRATEGIA\ESTRATEGIA\DEBUG\VC110.PDB
C:\USERS\PEQUI - VERY SMALL\DROPBOX\CóDIGOS COMPARTILHADOS\VS 2014\ESTRATEGIA\ESTRATEGIA\DEBUG\BELL.OBJ
C:\USERS\PEQUI - VERY SMALL\DROPBOX\CóDIGOS COMPARTILHADOS\VS 2014\ESTRATEGIA\ESTRATEGIA\DEBUG\DEFUZZY.OBJ
C:\USERS\PEQUI - VERY SMALL\DROPBOX\CóDIGOS COMPARTILHADOS\VS 2014\ESTRATEGIA\ESTRATEGIA\DEBUG\ESTRATEGIA.OBJ
C:\USERS\PEQUI - VERY SMALL\DROPBOX\CóDIGOS COMPARTILHADOS\VS 2014\ESTRATEGIA\ESTRATEGIA\DEBUG\FUZZYFUNCTION.OBJ
C:\USERS\PEQUI - VERY SMALL\DROPBOX\CóDIGOS COMPARTILHADOS\VS 2014\ESTRATEGIA\ESTRATEGIA\DEBUG\FUZZYGS.OBJ
C:\USERS\PEQUI - VERY SMALL\DROPBOX\CóDIGOS COMPARTILHADOS\VS 2014\ESTRATEGIA\ESTRATEGIA\DEBUG\FUZZYMT.OBJ
C:\USERS\PEQUI - VERY SMALL\DROPBOX\CóDIGOS COMPARTILHADOS\VS 2014\ESTRATEGIA\ESTRATEGIA\DEBUG\GAUSS.OBJ
C:\USERS\PEQUI - VERY SMALL\DROPBOX\CóDIGOS COMPARTILHADOS\VS 2014\ESTRATEGIA\ESTRATEGIA\DEBUG\GSRULES.OBJ
C:\USERS\PEQUI - VERY SMALL\DROPBOX\CóDIGOS COMPARTILHADOS\VS 2014\ESTRATEGIA\ESTRATEGIA\DEBUG\MAIN.OBJ
C:\USERS\PEQUI - VERY SMALL\DROPBOX\CóDIGOS COMPARTILHADOS\VS 2014\ESTRATEGIA\ESTRATEGIA\DEBUG\MTRULES.OBJ
C:\USERS\PEQUI - VERY SMALL\DROPBOX\CóDIGOS COMPARTILHADOS\VS 2014\ESTRATEGIA\ESTRATEGIA\DEBUG\OBJETO.OBJ
C:\USERS\PEQUI - VERY SMALL\DROPBOX\CóDIGOS COMPARTILHADOS\VS 2014\ESTRATEGIA\ESTRATEGIA\DEBUG\POINT.OBJ
C:\USERS\PEQUI - VERY SMALL\DROPBOX\CóDIGOS COMPARTILHADOS\VS 2014\ESTRATEGIA\ESTRATEGIA\DEBUG\TRAPEZ.OBJ
C:\Users\Pequi - Very Small\Dropbox\Códigos Compartilhados\VS 2014\Estrategia\Estrategia\Debug\Bell.obj
C:\Users\Pequi - Very Small\Dropbox\Códigos Compartilhados\VS 2014\Estrategia\Estrategia\Debug\DeFuzzy.obj
C:\Users\Pequi - Very Small\Dropbox\Códigos Compartilhados\VS 2014\Estrategia\Estrategia\Debug\Estrategia.obj
C:\Users\Pequi - Very Small\Dropbox\Códigos Compartilhados\VS 2014\Estrategia\Estrategia\Debug\FuzzyFunction.obj
C:\Users\Pequi - Very Small\Dropbox\Códigos Compartilhados\VS 2014\Estrategia\Estrategia\Debug\FuzzyGS.obj
C:\Users\Pequi - Very Small\Dropbox\Códigos Compartilhados\VS 2014\Estrategia\Estrategia\Debug\FuzzyMT.obj
C:\Users\Pequi - Very Small\Dropbox\Códigos Compartilhados\VS 2014\Estrategia\Estrategia\Debug\Gauss.obj
C:\Users\Pequi - Very Small\Dropbox\Códigos Compartilhados\VS 2014\Estrategia\Estrategia\Debug\GSRules.obj
C:\Users\Pequi - Very Small\Dropbox\Códigos Compartilhados\VS 2014\Estrategia\Estrategia\Debug\main.obj
C:\Users\Pequi - Very Small\Dropbox\Códigos Compartilhados\VS 2014\Estrategia\Estrategia\Debug\MTRules.obj
C:\Users\Pequi - Very Small\Dropbox\Códigos Compartilhados\VS 2014\Estrategia\Estrategia\Debug\Objeto.obj
C:\Users\Pequi - Very Small\Dropbox\Códigos Compartilhados\VS 2014\Estrategia\Estrategia\Debug\Point.obj
C:\Users\Pequi - Very Small\Dropbox\Códigos Compartilhados\VS 2014\Estrategia\Estrategia\Debug\stdafx.obj
C:\Users\Pequi - Very Small\Dropbox\Códigos Compartilhados\VS 2014\Estrategia\Estrategia\Debug\Trapez.obj
C:\Users\Pequi - Very Small\Dropbox\Códigos Compartilhados\VS 2014\Estrategia\Estrategia\Debug\cl.command.1.tlog
C:\Users\Pequi - Very Small\Dropbox\Códigos Compartilhados\VS 2014\Estrategia\Estrategia\Debug\CL.read.1.tlog
C:\Users\Pequi - Very Small\Dropbox\Códigos Compartilhados\VS 2014\Estrategia\Estrategia\Debug\CL.write.1.tlog
C:\Users\Pequi - Very Small\Dropbox\Códigos Compartilhados\VS 2014\Estrategia\Estrategia\Debug\Estrategia.pch
C:\Users\Pequi - Very Small\Dropbox\Códigos Compartilhados\VS 2014\Estrategia\Estrategia\Debug\vc110.idb
C:\Users\Pequi - Very Small\Dropbox\Códigos Compartilhados\VS 2014\Estrategia\Estrategia\Debug\vc110.pdb
