Build started 20/08/2014 18:07:02.
     1>Project "C:\Users\Pequi - Very Small\Dropbox\Códigos Compartilhados\VS 2014\Visao\Visao\Visao.vcxproj" on node 2 (Build target(s)).
     1>ClCompile:
         C:\Program Files (x86)\Microsoft Visual Studio 11.0\VC\bin\CL.exe /c /IC:\opencv248\opencv\build\include /IC:\opencv248\opencv\build\include /ZI /nologo /W3 /WX- /Od /Oy- /D WIN32 /D _DEBUG /D _CONSOLE /D _UNICODE /D UNICODE /Gm /EHsc /RTC1 /MDd /GS /fp:precise /Zc:wchar_t /Zc:forScope /Fo"Debug\\" /Fd"Debug\vc110.pdb" /Gd /TP /analyze- /errorReport:prompt ControladorPID.cpp EstrategiaGoleiro.cpp Point.cpp Robo.cpp SerialW.cpp Tag.cpp TimerCounter.cpp Visao.cpp main.cpp stdafx.cpp
         stdafx.cpp
         main.cpp
     1>c:\opencv248\opencv\build\include\opencv2\flann\logger.h(66): warning C4996: 'fopen': This function or variable may be unsafe. Consider using fopen_s instead. To disable deprecation, use _CRT_SECURE_NO_WARNINGS. See online help for details.
                 c:\program files (x86)\microsoft visual studio 11.0\vc\include\stdio.h(218) : see declaration of 'fopen'
     1>c:\users\pequi - very small\dropbox\códigos compartilhados\vs 2014\visao\visao\objeto.h(8): warning C4227: anachronism used : qualifiers on reference are ignored
     1>c:\users\pequi - very small\dropbox\códigos compartilhados\vs 2014\visao\visao\visao.h(6): fatal error C1083: Cannot open include file: 'CLEyeMulticam.h': No such file or directory
         Visao.cpp
     1>c:\opencv248\opencv\build\include\opencv2\flann\logger.h(66): warning C4996: 'fopen': This function or variable may be unsafe. Consider using fopen_s instead. To disable deprecation, use _CRT_SECURE_NO_WARNINGS. See online help for details.
                 c:\program files (x86)\microsoft visual studio 11.0\vc\include\stdio.h(218) : see declaration of 'fopen'
     1>c:\users\pequi - very small\dropbox\códigos compartilhados\vs 2014\visao\visao\objeto.h(8): warning C4227: anachronism used : qualifiers on reference are ignored
     1>c:\users\pequi - very small\dropbox\códigos compartilhados\vs 2014\visao\visao\visao.h(6): fatal error C1083: Cannot open include file: 'CLEyeMulticam.h': No such file or directory
         TimerCounter.cpp
     1>c:\users\pequi - very small\dropbox\códigos compartilhados\vs 2014\visao\visao\timercounter.cpp : fatal error C1033: cannot open program database 'c:\users\pequi - very small\dropbox\códigos compartilhados\vs 2014\visao\visao\debug\vc110.pdb'
         Tag.cpp
     1>c:\opencv248\opencv\build\include\opencv2\flann\logger.h(66): warning C4996: 'fopen': This function or variable may be unsafe. Consider using fopen_s instead. To disable deprecation, use _CRT_SECURE_NO_WARNINGS. See online help for details.
                 c:\program files (x86)\microsoft visual studio 11.0\vc\include\stdio.h(218) : see declaration of 'fopen'
         SerialW.cpp
     1>c:\users\pequi - very small\dropbox\códigos compartilhados\vs 2014\visao\visao\objeto.h(8): warning C4227: anachronism used : qualifiers on reference are ignored
     1>c:\users\pequi - very small\dropbox\códigos compartilhados\vs 2014\visao\visao\serialw.cpp(131): warning C4018: '<' : signed/unsigned mismatch
     1>c:\users\pequi - very small\dropbox\códigos compartilhados\vs 2014\visao\visao\serialw.cpp(136): warning C4244: 'initializing' : conversion from 'double' to 'int', possible loss of data
     1>c:\users\pequi - very small\dropbox\códigos compartilhados\vs 2014\visao\visao\serialw.cpp(140): warning C4244: 'initializing' : conversion from 'double' to 'int', possible loss of data
     1>c:\users\pequi - very small\dropbox\códigos compartilhados\vs 2014\visao\visao\serialw.cpp(192): warning C4018: '<' : signed/unsigned mismatch
         Robo.cpp
     1>c:\users\pequi - very small\dropbox\códigos compartilhados\vs 2014\visao\visao\objeto.h(8): warning C4227: anachronism used : qualifiers on reference are ignored
         Point.cpp
         ControladorPID.cpp
     1>c:\users\pequi - very small\dropbox\códigos compartilhados\vs 2014\visao\visao\objeto.h(8): warning C4227: anachronism used : qualifiers on reference are ignored
     1>c:\users\pequi - very small\dropbox\códigos compartilhados\vs 2014\visao\visao\controladorpid.cpp(86): warning C4244: '=' : conversion from 'double' to 'float', possible loss of data
     1>c:\users\pequi - very small\dropbox\códigos compartilhados\vs 2014\visao\visao\controladorpid.cpp(88): warning C4244: '=' : conversion from 'double' to 'float', possible loss of data
     1>c:\users\pequi - very small\dropbox\códigos compartilhados\vs 2014\visao\visao\controladorpid.cpp(104): warning C4244: '=' : conversion from 'double' to 'int', possible loss of data
     1>c:\users\pequi - very small\dropbox\códigos compartilhados\vs 2014\visao\visao\controladorpid.cpp(134): warning C4244: '=' : conversion from 'double' to 'int', possible loss of data
     1>c:\users\pequi - very small\dropbox\códigos compartilhados\vs 2014\visao\visao\controladorpid.cpp(135): warning C4244: '=' : conversion from 'double' to 'int', possible loss of data
     1>c:\users\pequi - very small\dropbox\códigos compartilhados\vs 2014\visao\visao\controladorpid.cpp(202): warning C4244: '=' : conversion from 'double' to 'float', possible loss of data
     1>c:\users\pequi - very small\dropbox\códigos compartilhados\vs 2014\visao\visao\controladorpid.cpp(204): warning C4244: '=' : conversion from 'double' to 'float', possible loss of data
     1>c:\users\pequi - very small\dropbox\códigos compartilhados\vs 2014\visao\visao\controladorpid.cpp(255): warning C4244: '=' : conversion from 'double' to 'int', possible loss of data
     1>c:\users\pequi - very small\dropbox\códigos compartilhados\vs 2014\visao\visao\controladorpid.cpp(256): warning C4244: '=' : conversion from 'double' to 'int', possible loss of data
     1>c:\users\pequi - very small\dropbox\códigos compartilhados\vs 2014\visao\visao\controladorpid.cpp(313): warning C4244: '=' : conversion from 'double' to 'int', possible loss of data
     1>c:\users\pequi - very small\dropbox\códigos compartilhados\vs 2014\visao\visao\controladorpid.cpp(314): warning C4244: '=' : conversion from 'double' to 'int', possible loss of data
         Generating Code...
         Compiling...
         EstrategiaGoleiro.cpp
     1>c:\users\pequi - very small\dropbox\códigos compartilhados\vs 2014\visao\visao\objeto.h(8): warning C4227: anachronism used : qualifiers on reference are ignored
     1>c:\users\pequi - very small\dropbox\códigos compartilhados\vs 2014\visao\visao\estrategiagoleiro.cpp(11): warning C4552: '<' : operator has no effect; expected operator with side-effect
     1>c:\users\pequi - very small\dropbox\códigos compartilhados\vs 2014\visao\visao\estrategiagoleiro.cpp(36): warning C4244: 'argument' : conversion from 'double' to 'float', possible loss of data
     1>c:\users\pequi - very small\dropbox\códigos compartilhados\vs 2014\visao\visao\estrategiagoleiro.cpp(104): warning C4244: '=' : conversion from 'double' to 'float', possible loss of data
     1>c:\users\pequi - very small\dropbox\códigos compartilhados\vs 2014\visao\visao\estrategiagoleiro.cpp(105): warning C4244: '=' : conversion from 'double' to 'float', possible loss of data
     1>c:\users\pequi - very small\dropbox\códigos compartilhados\vs 2014\visao\visao\estrategiagoleiro.cpp(113): warning C4244: '=' : conversion from 'double' to 'float', possible loss of data
     1>c:\users\pequi - very small\dropbox\códigos compartilhados\vs 2014\visao\visao\estrategiagoleiro.cpp(114): warning C4244: '=' : conversion from 'double' to 'float', possible loss of data
         Generating Code...
     1>Done Building Project "C:\Users\Pequi - Very Small\Dropbox\Códigos Compartilhados\VS 2014\Visao\Visao\Visao.vcxproj" (Build target(s)) -- FAILED.

Build FAILED.

Time Elapsed 00:00:06.02
