Build started 17/09/2014 13:39:25.
     1>Project "C:\GIT\PMEC_VS\Visao\Visao\Visao.vcxproj" on node 2 (Rebuild target(s)).
     1>ClCompile:
         C:\Program Files (x86)\Microsoft Visual Studio 11.0\VC\bin\CL.exe /c /I"C:\Users\Pequi - Very Small\Documents\CL-Eye Platform SDK\Include" /IC:\opencv248\opencv\build\include\opencv /IC:\opencv248\opencv\build\include /Zi /nologo /W3 /WX- /O2 /Oi /Oy- /GL /D WIN32 /D NDEBUG /D _CONSOLE /D _UNICODE /D UNICODE /Gm- /EHsc /MD /GS /Gy /fp:precise /Zc:wchar_t /Zc:forScope /Fo"Release\\" /Fd"Release\vc110.pdb" /Gd /TP /analyze- /errorReport:prompt Bola.cpp ControladorPID.cpp EEGoalKeeper.cpp EstrategiaGoleiro.cpp InterfaceGrafica.cpp main.cpp Objeto.cpp Point.cpp Robo.cpp SerialW.cpp stdafx.cpp Tag.cpp TimerCounter.cpp Visao.cpp
         Bola.cpp
     1>c:\git\pmec_vs\visao\visao\objeto.h(8): warning C4227: anachronism used : qualifiers on reference are ignored
         ControladorPID.cpp
     1>c:\git\pmec_vs\visao\visao\Objeto.h(8): warning C4227: anachronism used : qualifiers on reference are ignored
     1>ControladorPID.cpp(86): warning C4244: '=' : conversion from 'double' to 'float', possible loss of data
     1>ControladorPID.cpp(88): warning C4244: '=' : conversion from 'double' to 'float', possible loss of data
     1>ControladorPID.cpp(104): warning C4244: '=' : conversion from 'double' to 'int', possible loss of data
     1>ControladorPID.cpp(134): warning C4244: '=' : conversion from 'double' to 'int', possible loss of data
     1>ControladorPID.cpp(135): warning C4244: '=' : conversion from 'double' to 'int', possible loss of data
     1>ControladorPID.cpp(202): warning C4244: '=' : conversion from 'double' to 'float', possible loss of data
     1>ControladorPID.cpp(204): warning C4244: '=' : conversion from 'double' to 'float', possible loss of data
     1>ControladorPID.cpp(255): warning C4244: '=' : conversion from 'double' to 'int', possible loss of data
     1>ControladorPID.cpp(256): warning C4244: '=' : conversion from 'double' to 'int', possible loss of data
     1>ControladorPID.cpp(318): warning C4244: '=' : conversion from 'double' to 'int', possible loss of data
     1>ControladorPID.cpp(319): warning C4244: '=' : conversion from 'double' to 'int', possible loss of data
         EEGoalKeeper.cpp
     1>c:\git\pmec_vs\visao\visao\Objeto.h(8): warning C4227: anachronism used : qualifiers on reference are ignored
     1>EEGoalKeeper.cpp(17): warning C4552: '<' : operator has no effect; expected operator with side-effect
     1>EEGoalKeeper.cpp(161): warning C4244: '=' : conversion from 'double' to 'float', possible loss of data
     1>EEGoalKeeper.cpp(162): warning C4244: '=' : conversion from 'double' to 'float', possible loss of data
     1>EEGoalKeeper.cpp(180): warning C4244: '=' : conversion from 'double' to 'float', possible loss of data
     1>EEGoalKeeper.cpp(181): warning C4244: '=' : conversion from 'double' to 'float', possible loss of data
     1>EEGoalKeeper.cpp(223): warning C4244: '+=' : conversion from 'double' to 'int', possible loss of data
     1>EEGoalKeeper.cpp(224): warning C4244: '+=' : conversion from 'double' to 'int', possible loss of data
     1>EEGoalKeeper.cpp(257): warning C4244: '+=' : conversion from 'double' to 'float', possible loss of data
     1>EEGoalKeeper.cpp(258): warning C4244: '+=' : conversion from 'double' to 'float', possible loss of data
     1>EEGoalKeeper.cpp(277): warning C4244: 'initializing' : conversion from 'double' to 'float', possible loss of data
     1>EEGoalKeeper.cpp(282): warning C4244: '=' : conversion from 'double' to 'float', possible loss of data
     1>EEGoalKeeper.cpp(284): warning C4244: '=' : conversion from 'double' to 'float', possible loss of data
     1>EEGoalKeeper.cpp(294): warning C4244: 'initializing' : conversion from 'double' to 'float', possible loss of data
     1>EEGoalKeeper.cpp(321): warning C4244: 'argument' : conversion from 'double' to 'float', possible loss of data
     1>EEGoalKeeper.cpp(379): warning C4244: '+=' : conversion from 'double' to 'int', possible loss of data
     1>EEGoalKeeper.cpp(380): warning C4244: '+=' : conversion from 'double' to 'int', possible loss of data
         EstrategiaGoleiro.cpp
     1>c:\git\pmec_vs\visao\visao\Objeto.h(8): warning C4227: anachronism used : qualifiers on reference are ignored
     1>EstrategiaGoleiro.cpp(11): warning C4552: '<' : operator has no effect; expected operator with side-effect
     1>EstrategiaGoleiro.cpp(36): warning C4244: 'argument' : conversion from 'double' to 'float', possible loss of data
     1>EstrategiaGoleiro.cpp(104): warning C4244: '=' : conversion from 'double' to 'float', possible loss of data
     1>EstrategiaGoleiro.cpp(105): warning C4244: '=' : conversion from 'double' to 'float', possible loss of data
     1>EstrategiaGoleiro.cpp(113): warning C4244: '=' : conversion from 'double' to 'float', possible loss of data
     1>EstrategiaGoleiro.cpp(114): warning C4244: '=' : conversion from 'double' to 'float', possible loss of data
         InterfaceGrafica.cpp
     1>c:\git\pmec_vs\visao\visao\Objeto.h(8): warning C4227: anachronism used : qualifiers on reference are ignored
     1>c:\git\pmec_vs\visao\visao\InterfaceGrafica.h(13): error C2061: syntax error : identifier 'atomic'
     1>InterfaceGrafica.cpp(28): warning C4552: '<' : operator has no effect; expected operator with side-effect
     1>InterfaceGrafica.cpp(36): error C2511: 'void InterfaceGrafica::iniciar(std::atomic<bool> *)' : overloaded member function not found in 'InterfaceGrafica'
                 c:\git\pmec_vs\visao\visao\InterfaceGrafica.h(9) : see declaration of 'InterfaceGrafica'
     1>InterfaceGrafica.cpp(84): warning C4244: 'argument' : conversion from 'const float' to 'int', possible loss of data
     1>InterfaceGrafica.cpp(85): warning C4244: 'argument' : conversion from 'const float' to 'int', possible loss of data
     1>InterfaceGrafica.cpp(89): warning C4244: 'argument' : conversion from 'const float' to 'int', possible loss of data
     1>InterfaceGrafica.cpp(93): warning C4244: 'argument' : conversion from 'const float' to 'int', possible loss of data
     1>InterfaceGrafica.cpp(161): warning C4244: '=' : conversion from 'double' to 'float', possible loss of data
     1>InterfaceGrafica.cpp(162): warning C4244: '=' : conversion from 'double' to 'float', possible loss of data
     1>InterfaceGrafica.cpp(177): warning C4244: 'argument' : conversion from 'const float' to 'int', possible loss of data
     1>InterfaceGrafica.cpp(180): warning C4244: '=' : conversion from 'double' to 'float', possible loss of data
     1>InterfaceGrafica.cpp(181): warning C4244: '=' : conversion from 'double' to 'float', possible loss of data
     1>InterfaceGrafica.cpp(185): warning C4244: 'argument' : conversion from 'const float' to 'int', possible loss of data
         main.cpp
     1>c:\opencv248\opencv\build\include\opencv2\flann\logger.h(66): warning C4996: 'fopen': This function or variable may be unsafe. Consider using fopen_s instead. To disable deprecation, use _CRT_SECURE_NO_WARNINGS. See online help for details.
                 C:\Program Files (x86)\Microsoft Visual Studio 11.0\VC\include\stdio.h(218) : see declaration of 'fopen'
     1>c:\git\pmec_vs\visao\visao\Objeto.h(8): warning C4227: anachronism used : qualifiers on reference are ignored
     1>main.cpp(86): warning C4996: 'kbhit': The POSIX name for this item is deprecated. Instead, use the ISO C++ conformant name: _kbhit. See online help for details.
                 C:\Program Files (x86)\Microsoft Visual Studio 11.0\VC\include\conio.h(133) : see declaration of 'kbhit'
     1>main.cpp(87): warning C4996: 'getch': The POSIX name for this item is deprecated. Instead, use the ISO C++ conformant name: _getch. See online help for details.
                 C:\Program Files (x86)\Microsoft Visual Studio 11.0\VC\include\conio.h(131) : see declaration of 'getch'
     1>main.cpp(143): warning C4244: '=' : conversion from 'float' to 'int', possible loss of data
     1>main.cpp(144): warning C4244: '=' : conversion from 'float' to 'int', possible loss of data
         Objeto.cpp
     1>c:\git\pmec_vs\visao\visao\Objeto.h(8): warning C4227: anachronism used : qualifiers on reference are ignored
         Point.cpp
         Robo.cpp
     1>c:\git\pmec_vs\visao\visao\Objeto.h(8): warning C4227: anachronism used : qualifiers on reference are ignored
         SerialW.cpp
     1>c:\git\pmec_vs\visao\visao\Objeto.h(8): warning C4227: anachronism used : qualifiers on reference are ignored
     1>SerialW.cpp(131): warning C4018: '<' : signed/unsigned mismatch
     1>SerialW.cpp(136): warning C4244: 'initializing' : conversion from 'double' to 'int', possible loss of data
     1>SerialW.cpp(140): warning C4244: 'initializing' : conversion from 'double' to 'int', possible loss of data
     1>SerialW.cpp(192): warning C4018: '<' : signed/unsigned mismatch
         stdafx.cpp
         Tag.cpp
     1>c:\opencv248\opencv\build\include\opencv2\flann\logger.h(66): warning C4996: 'fopen': This function or variable may be unsafe. Consider using fopen_s instead. To disable deprecation, use _CRT_SECURE_NO_WARNINGS. See online help for details.
                 C:\Program Files (x86)\Microsoft Visual Studio 11.0\VC\include\stdio.h(218) : see declaration of 'fopen'
         TimerCounter.cpp
     1>TimerCounter.cpp(11): warning C4244: '=' : conversion from 'double' to '__int64', possible loss of data
         Visao.cpp
     1>c:\opencv248\opencv\build\include\opencv2\flann\logger.h(66): warning C4996: 'fopen': This function or variable may be unsafe. Consider using fopen_s instead. To disable deprecation, use _CRT_SECURE_NO_WARNINGS. See online help for details.
                 C:\Program Files (x86)\Microsoft Visual Studio 11.0\VC\include\stdio.h(218) : see declaration of 'fopen'
     1>c:\git\pmec_vs\visao\visao\Objeto.h(8): warning C4227: anachronism used : qualifiers on reference are ignored
     1>Visao.cpp(203): warning C4996: 'strcpy': This function or variable may be unsafe. Consider using strcpy_s instead. To disable deprecation, use _CRT_SECURE_NO_WARNINGS. See online help for details.
                 C:\Program Files (x86)\Microsoft Visual Studio 11.0\VC\include\string.h(110) : see declaration of 'strcpy'
     1>Visao.cpp(204): warning C4996: 'strtok': This function or variable may be unsafe. Consider using strtok_s instead. To disable deprecation, use _CRT_SECURE_NO_WARNINGS. See online help for details.
                 C:\Program Files (x86)\Microsoft Visual Studio 11.0\VC\include\string.h(200) : see declaration of 'strtok'
     1>Visao.cpp(210): warning C4996: 'strtok': This function or variable may be unsafe. Consider using strtok_s instead. To disable deprecation, use _CRT_SECURE_NO_WARNINGS. See online help for details.
                 C:\Program Files (x86)\Microsoft Visual Studio 11.0\VC\include\string.h(200) : see declaration of 'strtok'
     1>Visao.cpp(239): warning C4996: 'sprintf': This function or variable may be unsafe. Consider using sprintf_s instead. To disable deprecation, use _CRT_SECURE_NO_WARNINGS. See online help for details.
                 C:\Program Files (x86)\Microsoft Visual Studio 11.0\VC\include\stdio.h(357) : see declaration of 'sprintf'
     1>Visao.cpp(240): warning C4996: 'sprintf': This function or variable may be unsafe. Consider using sprintf_s instead. To disable deprecation, use _CRT_SECURE_NO_WARNINGS. See online help for details.
                 C:\Program Files (x86)\Microsoft Visual Studio 11.0\VC\include\stdio.h(357) : see declaration of 'sprintf'
     1>Visao.cpp(241): warning C4996: 'sprintf': This function or variable may be unsafe. Consider using sprintf_s instead. To disable deprecation, use _CRT_SECURE_NO_WARNINGS. See online help for details.
                 C:\Program Files (x86)\Microsoft Visual Studio 11.0\VC\include\stdio.h(357) : see declaration of 'sprintf'
     1>Visao.cpp(242): warning C4996: 'sprintf': This function or variable may be unsafe. Consider using sprintf_s instead. To disable deprecation, use _CRT_SECURE_NO_WARNINGS. See online help for details.
                 C:\Program Files (x86)\Microsoft Visual Studio 11.0\VC\include\stdio.h(357) : see declaration of 'sprintf'
     1>Visao.cpp(243): warning C4996: 'sprintf': This function or variable may be unsafe. Consider using sprintf_s instead. To disable deprecation, use _CRT_SECURE_NO_WARNINGS. See online help for details.
                 C:\Program Files (x86)\Microsoft Visual Studio 11.0\VC\include\stdio.h(357) : see declaration of 'sprintf'
     1>Visao.cpp(244): warning C4996: 'sprintf': This function or variable may be unsafe. Consider using sprintf_s instead. To disable deprecation, use _CRT_SECURE_NO_WARNINGS. See online help for details.
                 C:\Program Files (x86)\Microsoft Visual Studio 11.0\VC\include\stdio.h(357) : see declaration of 'sprintf'
     1>Visao.cpp(245): warning C4996: 'sprintf': This function or variable may be unsafe. Consider using sprintf_s instead. To disable deprecation, use _CRT_SECURE_NO_WARNINGS. See online help for details.
                 C:\Program Files (x86)\Microsoft Visual Studio 11.0\VC\include\stdio.h(357) : see declaration of 'sprintf'
     1>Visao.cpp(290): warning C4996: 'sprintf': This function or variable may be unsafe. Consider using sprintf_s instead. To disable deprecation, use _CRT_SECURE_NO_WARNINGS. See online help for details.
                 C:\Program Files (x86)\Microsoft Visual Studio 11.0\VC\include\stdio.h(357) : see declaration of 'sprintf'
     1>Visao.cpp(291): warning C4996: 'sprintf': This function or variable may be unsafe. Consider using sprintf_s instead. To disable deprecation, use _CRT_SECURE_NO_WARNINGS. See online help for details.
                 C:\Program Files (x86)\Microsoft Visual Studio 11.0\VC\include\stdio.h(357) : see declaration of 'sprintf'
     1>Visao.cpp(292): warning C4996: 'sprintf': This function or variable may be unsafe. Consider using sprintf_s instead. To disable deprecation, use _CRT_SECURE_NO_WARNINGS. See online help for details.
                 C:\Program Files (x86)\Microsoft Visual Studio 11.0\VC\include\stdio.h(357) : see declaration of 'sprintf'
     1>Visao.cpp(293): warning C4996: 'sprintf': This function or variable may be unsafe. Consider using sprintf_s instead. To disable deprecation, use _CRT_SECURE_NO_WARNINGS. See online help for details.
                 C:\Program Files (x86)\Microsoft Visual Studio 11.0\VC\include\stdio.h(357) : see declaration of 'sprintf'
     1>Visao.cpp(294): warning C4996: 'sprintf': This function or variable may be unsafe. Consider using sprintf_s instead. To disable deprecation, use _CRT_SECURE_NO_WARNINGS. See online help for details.
                 C:\Program Files (x86)\Microsoft Visual Studio 11.0\VC\include\stdio.h(357) : see declaration of 'sprintf'
     1>Visao.cpp(295): warning C4996: 'sprintf': This function or variable may be unsafe. Consider using sprintf_s instead. To disable deprecation, use _CRT_SECURE_NO_WARNINGS. See online help for details.
                 C:\Program Files (x86)\Microsoft Visual Studio 11.0\VC\include\stdio.h(357) : see declaration of 'sprintf'
     1>Visao.cpp(296): warning C4996: 'sprintf': This function or variable may be unsafe. Consider using sprintf_s instead. To disable deprecation, use _CRT_SECURE_NO_WARNINGS. See online help for details.
                 C:\Program Files (x86)\Microsoft Visual Studio 11.0\VC\include\stdio.h(357) : see declaration of 'sprintf'
     1>Visao.cpp(297): warning C4996: 'sprintf': This function or variable may be unsafe. Consider using sprintf_s instead. To disable deprecation, use _CRT_SECURE_NO_WARNINGS. See online help for details.
                 C:\Program Files (x86)\Microsoft Visual Studio 11.0\VC\include\stdio.h(357) : see declaration of 'sprintf'
     1>Visao.cpp(298): warning C4996: 'sprintf': This function or variable may be unsafe. Consider using sprintf_s instead. To disable deprecation, use _CRT_SECURE_NO_WARNINGS. See online help for details.
                 C:\Program Files (x86)\Microsoft Visual Studio 11.0\VC\include\stdio.h(357) : see declaration of 'sprintf'
     1>Visao.cpp(299): warning C4996: 'sprintf': This function or variable may be unsafe. Consider using sprintf_s instead. To disable deprecation, use _CRT_SECURE_NO_WARNINGS. See online help for details.
                 C:\Program Files (x86)\Microsoft Visual Studio 11.0\VC\include\stdio.h(357) : see declaration of 'sprintf'
     1>Visao.cpp(300): warning C4996: 'sprintf': This function or variable may be unsafe. Consider using sprintf_s instead. To disable deprecation, use _CRT_SECURE_NO_WARNINGS. See online help for details.
                 C:\Program Files (x86)\Microsoft Visual Studio 11.0\VC\include\stdio.h(357) : see declaration of 'sprintf'
     1>Visao.cpp(301): warning C4996: 'sprintf': This function or variable may be unsafe. Consider using sprintf_s instead. To disable deprecation, use _CRT_SECURE_NO_WARNINGS. See online help for details.
                 C:\Program Files (x86)\Microsoft Visual Studio 11.0\VC\include\stdio.h(357) : see declaration of 'sprintf'
     1>Visao.cpp(302): warning C4996: 'sprintf': This function or variable may be unsafe. Consider using sprintf_s instead. To disable deprecation, use _CRT_SECURE_NO_WARNINGS. See online help for details.
                 C:\Program Files (x86)\Microsoft Visual Studio 11.0\VC\include\stdio.h(357) : see declaration of 'sprintf'
     1>Visao.cpp(303): warning C4996: 'sprintf': This function or variable may be unsafe. Consider using sprintf_s instead. To disable deprecation, use _CRT_SECURE_NO_WARNINGS. See online help for details.
                 C:\Program Files (x86)\Microsoft Visual Studio 11.0\VC\include\stdio.h(357) : see declaration of 'sprintf'
     1>Visao.cpp(337): warning C4101: 'H' : unreferenced local variable
     1>Visao.cpp(337): warning C4101: 'min' : unreferenced local variable
     1>Visao.cpp(337): warning C4101: 'S' : unreferenced local variable
     1>Visao.cpp(337): warning C4101: 'V' : unreferenced local variable
     1>Visao.cpp(337): warning C4101: 'B' : unreferenced local variable
     1>Visao.cpp(337): warning C4101: 'R' : unreferenced local variable
     1>Visao.cpp(337): warning C4101: 'delta' : unreferenced local variable
     1>Visao.cpp(337): warning C4101: 'G' : unreferenced local variable
     1>Visao.cpp(406): warning C4244: '=' : conversion from 'double' to 'int', possible loss of data
     1>Visao.cpp(407): warning C4244: '=' : conversion from 'double' to 'int', possible loss of data
     1>Visao.cpp(408): warning C4244: 'argument' : conversion from 'int' to 'float', possible loss of data
     1>Visao.cpp(432): warning C4018: '<' : signed/unsigned mismatch
     1>Visao.cpp(504): warning C4018: '<' : signed/unsigned mismatch
     1>Visao.cpp(514): warning C4244: 'initializing' : conversion from 'double' to 'float', possible loss of data
     1>Visao.cpp(515): warning C4244: 'initializing' : conversion from 'double' to 'float', possible loss of data
     1>Visao.cpp(559): warning C4244: '=' : conversion from 'double' to 'float', possible loss of data
     1>Visao.cpp(561): warning C4244: '=' : conversion from 'double' to 'float', possible loss of data
     1>Visao.cpp(567): warning C4018: '<' : signed/unsigned mismatch
     1>Visao.cpp(586): warning C4244: 'initializing' : conversion from 'float' to 'int', possible loss of data
     1>Visao.cpp(595): warning C4244: 'initializing' : conversion from 'double' to 'float', possible loss of data
     1>Visao.cpp(725): warning C4018: '<' : signed/unsigned mismatch
     1>Visao.cpp(726): warning C4244: 'argument' : conversion from 'float' to 'int', possible loss of data
     1>Visao.cpp(737): warning C4244: 'argument' : conversion from 'float' to 'int', possible loss of data
     1>Visao.cpp(740): warning C4244: 'argument' : conversion from 'float' to 'int', possible loss of data
     1>Done Building Project "C:\GIT\PMEC_VS\Visao\Visao\Visao.vcxproj" (Rebuild target(s)) -- FAILED.

Build FAILED.

Time Elapsed 00:00:06.77
